<?xml version="1.0" encoding="UTF-8"?>
<testsuite xmlns:xsi="http://www.w3.org/2001/XMLSchema-instance" xsi:noNamespaceSchemaLocation="https://maven.apache.org/surefire/maven-surefire-plugin/xsd/surefire-test-report.xsd" version="3.0.2" name="com.app.Amazon.AmazonApplicationTests" time="5.258" tests="1" errors="0" skipped="0" failures="0">
  <properties>
[...]
</properties>
  <testcase name="contextLoads" classname="com.app.Amazon.AmazonApplicationTests" time="0.527">
    <system-out><![CDATA[19:36:12.667 [main] INFO org.springframework.test.context.support.AnnotationConfigContextLoaderUtils -- Could not detect default configuration classes for test class [com.app.Amazon.AmazonApplicationTests]: AmazonApplicationTests does not declare any static, non-private, non-final, nested classes annotated with @Configuration.
19:36:12.796 [main] INFO org.springframework.boot.test.context.SpringBootTestContextBootstrapper -- Found @SpringBootConfiguration com.app.Amazon.AmazonApplication for test class com.app.Amazon.AmazonApplicationTests
19:36:13.001 [main] INFO org.springframework.boot.devtools.restart.RestartApplicationListener -- Restart disabled due to context in which it is running

  .   ____          _            __ _ _
 /\\ / ___'_ __ _ _(_)_ __  __ _ \ \ \ \
( ( )\___ | '_ | '_| | '_ \/ _` | \ \ \ \
 \\/  ___)| |_)| | | | | || (_| |  ) ) ) )
  '  |____| .__|_| |_|_| |_\__, | / / / /
 =========|_|==============|___/=/_/_/_/

 :: Spring Boot ::                (v4.0.3)

2026-02-22T19:36:13.366+05:30  INFO 7040 --- [Amazon] [           main] com.app.Amazon.AmazonApplicationTests    : Starting AmazonApplicationTests using Java 21.0.10 with PID 7040 (started by varun in C:\Users\varun\Downloads\Amazon (1)\Amazon)
2026-02-22T19:36:13.398+05:30  INFO 7040 --- [Amazon] [           main] com.app.Amazon.AmazonApplicationTests    : No active profile set, falling back to 1 default profile: "default"
2026-02-22T19:36:14.437+05:30  INFO 7040 --- [Amazon] [           main] .s.d.r.c.RepositoryConfigurationDelegate : Bootstrapping Spring Data JPA repositories in DEFAULT mode.
2026-02-22T19:36:14.469+05:30  INFO 7040 --- [Amazon] [           main] .s.d.r.c.RepositoryConfigurationDelegate : Finished Spring Data repository scanning in 11 ms. Found 0 JPA repository interfaces.
2026-02-22T19:36:15.006+05:30  INFO 7040 --- [Amazon] [           main] com.zaxxer.hikari.HikariDataSource       : HikariPool-1 - Starting...
2026-02-22T19:36:15.216+05:30  INFO 7040 --- [Amazon] [           main] com.zaxxer.hikari.pool.HikariPool        : HikariPool-1 - Added connection conn0: url=jdbc:h2:mem:a25ec592-dbf4-4b3f-94d5-d83c0b5e9630 user=SA
2026-02-22T19:36:15.231+05:30  INFO 7040 --- [Amazon] [           main] com.zaxxer.hikari.HikariDataSource       : HikariPool-1 - Start completed.
2026-02-22T19:36:15.260+05:30  INFO 7040 --- [Amazon] [           main] org.hibernate.orm.jpa                    : HHH008540: Processing PersistenceUnitInfo [name: default]
2026-02-22T19:36:15.334+05:30  INFO 7040 --- [Amazon] [           main] org.hibernate.orm.core                   : HHH000001: Hibernate ORM core version 7.2.4.Final
2026-02-22T19:36:15.934+05:30  INFO 7040 --- [Amazon] [           main] o.s.o.j.p.SpringPersistenceUnitInfo      : No LoadTimeWeaver setup: ignoring JPA class transformer
2026-02-22T19:36:16.043+05:30  INFO 7040 --- [Amazon] [           main] org.hibernate.orm.connections.pooling    : HHH10001005: Database info:
	Database JDBC URL [jdbc:h2:mem:a25ec592-dbf4-4b3f-94d5-d83c0b5e9630]
	Database driver: H2 JDBC Driver
	Database dialect: H2Dialect
	Database version: 2.4.240
	Default catalog/schema: A25EC592-DBF4-4B3F-94D5-D83C0B5E9630/PUBLIC
	Autocommit mode: undefined/unknown
	Isolation level: READ_COMMITTED [default READ_COMMITTED]
	JDBC fetch size: 100
	Pool: DataSourceConnectionProvider
	Minimum pool size: undefined/unknown
	Maximum pool size: undefined/unknown
2026-02-22T19:36:16.468+05:30  INFO 7040 --- [Amazon] [           main] org.hibernate.orm.core                   : HHH000489: No JTA platform available (set 'hibernate.transaction.jta.platform' to enable JTA platform integration)
2026-02-22T19:36:16.468+05:30  INFO 7040 --- [Amazon] [           main] j.LocalContainerEntityManagerFactoryBean : Initialized JPA EntityManagerFactory for persistence unit 'default'
2026-02-22T19:36:16.596+05:30  WARN 7040 --- [Amazon] [           main] JpaBaseConfiguration$JpaWebConfiguration : spring.jpa.open-in-view is enabled by default. Therefore, database queries may be performed during view rendering. Explicitly configure spring.jpa.open-in-view to disable this warning
2026-02-22T19:36:17.242+05:30  INFO 7040 --- [Amazon] [           main] com.app.Amazon.AmazonApplicationTests    : Started AmazonApplicationTests in 4.256 seconds (process running for 5.815)
]]></system-out>
    <system-err><![CDATA[Mockito is currently self-attaching to enable the inline-mock-maker. This will no longer work in future releases of the JDK. Please add Mockito as an agent to your build as described in Mockito's documentation: https://javadoc.io/doc/org.mockito/mockito-core/latest/org.mockito/org/mockito/Mockito.html#0.3
WARNING: A Java agent has been loaded dynamically (C:\Users\varun\.m2\repository\net\bytebuddy\byte-buddy-agent\1.17.8\byte-buddy-agent-1.17.8.jar)
WARNING: If a serviceability tool is in use, please run with -XX:+EnableDynamicAgentLoading to hide this warning
WARNING: If a serviceability tool is not in use, please run with -Djdk.instrument.traceUsage for more information
WARNING: Dynamic loading of agents will be disallowed by default in a future release
]]></system-err>
  </testcase>
</testsuite>